c:\users\inu\documents\visual studio 2013\projects\neko98\neko98\nekocfg\debug\vc120.pdb
c:\users\inu\documents\visual studio 2013\projects\neko98\neko98\nekocfg\debug\vc120.idb
c:\users\inu\documents\visual studio 2013\projects\neko98\neko98\nekocfg\debug\nekosettings.obj
c:\users\inu\documents\visual studio 2013\projects\neko98\neko98\nekocfg\debug\nekocfg.obj
c:\users\inu\documents\visual studio 2013\projects\neko98\neko98\nekocfg\debug\nekocfg_tabs.obj
c:\users\inu\documents\visual studio 2013\projects\neko98\neko98\nekocfg\debug\nekocfg.ilk
c:\users\inu\documents\visual studio 2013\projects\neko98\neko98\nekocfg\debug\nekocfg.exe
c:\users\inu\documents\visual studio 2013\projects\neko98\neko98\nekocfg\debug\nekocfg.pdb
c:\users\inu\documents\visual studio 2013\projects\neko98\neko98\nekocfg\debug\nekocfg.res
c:\users\leiqunni\documents\visual studio 2015\projects\neko98\neko98\nekocfg\debug\nekocfg.obj
c:\users\leiqunni\documents\visual studio 2015\projects\neko98\neko98\nekocfg\debug\nekocfg_tabs.obj
c:\users\leiqunni\documents\visual studio 2015\projects\neko98\neko98\nekocfg\debug\nekosettings.obj
c:\users\leiqunni\documents\visual studio 2015\projects\neko98\neko98\nekocfg\debug\nekocfg.ilk
c:\users\leiqunni\documents\visual studio 2015\projects\neko98\neko98\nekocfg\debug\nekocfg.res
c:\users\leiqunni\documents\visual studio 2015\projects\neko98\neko98\nekocfg\debug\vc120.idb
c:\users\leiqunni\documents\visual studio 2015\projects\neko98\neko98\nekocfg\debug\nekocfg.pdb
c:\users\leiqunni\documents\visual studio 2015\projects\neko98\neko98\nekocfg\debug\vc120.pdb
c:\users\leiqunni\documents\visual studio 2015\projects\neko98\neko98\nekocfg\.\debug\nekocfg.exe
c:\users\leiqunni\documents\visual studio 2015\projects\neko98\neko98\nekocfg\debug\nekocfg.tlog\cl.command.1.tlog
c:\users\leiqunni\documents\visual studio 2015\projects\neko98\neko98\nekocfg\debug\nekocfg.tlog\cl.read.1.tlog
c:\users\leiqunni\documents\visual studio 2015\projects\neko98\neko98\nekocfg\debug\nekocfg.tlog\cl.write.1.tlog
c:\users\leiqunni\documents\visual studio 2015\projects\neko98\neko98\nekocfg\debug\nekocfg.tlog\link.command.1.tlog
c:\users\leiqunni\documents\visual studio 2015\projects\neko98\neko98\nekocfg\debug\nekocfg.tlog\link.read.1.tlog
c:\users\leiqunni\documents\visual studio 2015\projects\neko98\neko98\nekocfg\debug\nekocfg.tlog\link.write.1.tlog
c:\users\leiqunni\documents\visual studio 2015\projects\neko98\neko98\nekocfg\debug\nekocfg.tlog\rc.command.1.tlog
c:\users\leiqunni\documents\visual studio 2015\projects\neko98\neko98\nekocfg\debug\nekocfg.tlog\rc.read.1.tlog
c:\users\leiqunni\documents\visual studio 2015\projects\neko98\neko98\nekocfg\debug\nekocfg.tlog\rc.write.1.tlog
