  NekoCFG_Tabs.cpp
c:\users\leiqunni\documents\visual studio 2015\projects\neko98\neko98\nekocfg\nekocfg_resource.h(111): warning C4005: 'IDC_HELP': マクロが再定義されました。
  c:\program files (x86)\windows kits\8.1\include\um\winuser.h(10089): note: 'IDC_HELP' の以前の定義を確認してください
c:\users\leiqunni\documents\visual studio 2015\projects\neko98\neko98\nekocfg\nekocfg_tabs.cpp(175): warning C4996: 'sprintf': This function or variable may be unsafe. Consider using sprintf_s instead. To disable deprecation, use _CRT_SECURE_NO_WARNINGS. See online help for details.
  c:\program files (x86)\windows kits\10\include\10.0.10240.0\ucrt\stdio.h(1769): note: 'sprintf' の宣言を確認してください
c:\users\leiqunni\documents\visual studio 2015\projects\neko98\neko98\nekocfg\nekocfg_tabs.cpp(371): warning C4302: '型キャスト': 'LPSTR' から 'WORD' へ切り詰めます。
c:\users\leiqunni\documents\visual studio 2015\projects\neko98\neko98\nekocfg\nekocfg_tabs.cpp(380): warning C4996: 'strcpy': This function or variable may be unsafe. Consider using strcpy_s instead. To disable deprecation, use _CRT_SECURE_NO_WARNINGS. See online help for details.
  c:\program files (x86)\windows kits\10\include\10.0.10240.0\ucrt\string.h(119): note: 'strcpy' の宣言を確認してください
c:\users\leiqunni\documents\visual studio 2015\projects\neko98\neko98\nekocfg\nekocfg_tabs.cpp(396): warning C4996: 'strcat': This function or variable may be unsafe. Consider using strcat_s instead. To disable deprecation, use _CRT_SECURE_NO_WARNINGS. See online help for details.
  c:\program files (x86)\windows kits\10\include\10.0.10240.0\ucrt\string.h(90): note: 'strcat' の宣言を確認してください
c:\users\leiqunni\documents\visual studio 2015\projects\neko98\neko98\nekocfg\nekocfg_tabs.cpp(397): warning C4996: 'strcat': This function or variable may be unsafe. Consider using strcat_s instead. To disable deprecation, use _CRT_SECURE_NO_WARNINGS. See online help for details.
  c:\program files (x86)\windows kits\10\include\10.0.10240.0\ucrt\string.h(90): note: 'strcat' の宣言を確認してください
c:\users\leiqunni\documents\visual studio 2015\projects\neko98\neko98\nekocfg\nekocfg_tabs.cpp(399): warning C4996: 'strcpy': This function or variable may be unsafe. Consider using strcpy_s instead. To disable deprecation, use _CRT_SECURE_NO_WARNINGS. See online help for details.
  c:\program files (x86)\windows kits\10\include\10.0.10240.0\ucrt\string.h(119): note: 'strcpy' の宣言を確認してください
c:\users\leiqunni\documents\visual studio 2015\projects\neko98\neko98\nekocfg\nekocfg_tabs.cpp(420): warning C4996: 'strcpy': This function or variable may be unsafe. Consider using strcpy_s instead. To disable deprecation, use _CRT_SECURE_NO_WARNINGS. See online help for details.
  c:\program files (x86)\windows kits\10\include\10.0.10240.0\ucrt\string.h(119): note: 'strcpy' の宣言を確認してください
  NekoCFG.cpp
c:\users\leiqunni\documents\visual studio 2015\projects\neko98\neko98\nekocfg\nekocfg_resource.h(111): warning C4005: 'IDC_HELP': マクロが再定義されました。
  c:\program files (x86)\windows kits\8.1\include\um\winuser.h(10089): note: 'IDC_HELP' の以前の定義を確認してください
c:\users\leiqunni\documents\visual studio 2015\projects\neko98\neko98\nekocfg\nekocfg.cpp(84): warning C4996: 'sprintf': This function or variable may be unsafe. Consider using sprintf_s instead. To disable deprecation, use _CRT_SECURE_NO_WARNINGS. See online help for details.
  c:\program files (x86)\windows kits\10\include\10.0.10240.0\ucrt\stdio.h(1769): note: 'sprintf' の宣言を確認してください
c:\users\leiqunni\documents\visual studio 2015\projects\neko98\neko98\nekocfg\nekocfg.cpp(151): warning C4996: 'stricmp': The POSIX name for this item is deprecated. Instead, use the ISO C and C++ conformant name: _stricmp. See online help for details.
  c:\program files (x86)\windows kits\10\include\10.0.10240.0\ucrt\string.h(568): note: 'stricmp' の宣言を確認してください
c:\users\leiqunni\documents\visual studio 2015\projects\neko98\neko98\nekocfg\nekocfg.cpp(162): warning C4996: 'strcpy': This function or variable may be unsafe. Consider using strcpy_s instead. To disable deprecation, use _CRT_SECURE_NO_WARNINGS. See online help for details.
  c:\program files (x86)\windows kits\10\include\10.0.10240.0\ucrt\string.h(119): note: 'strcpy' の宣言を確認してください
c:\users\leiqunni\documents\visual studio 2015\projects\neko98\neko98\nekocfg\nekocfg.cpp(165): warning C4996: 'strcpy': This function or variable may be unsafe. Consider using strcpy_s instead. To disable deprecation, use _CRT_SECURE_NO_WARNINGS. See online help for details.
  c:\program files (x86)\windows kits\10\include\10.0.10240.0\ucrt\string.h(119): note: 'strcpy' の宣言を確認してください
c:\users\leiqunni\documents\visual studio 2015\projects\neko98\neko98\nekocfg\nekocfg.cpp(169): warning C4996: 'strcpy': This function or variable may be unsafe. Consider using strcpy_s instead. To disable deprecation, use _CRT_SECURE_NO_WARNINGS. See online help for details.
  c:\program files (x86)\windows kits\10\include\10.0.10240.0\ucrt\string.h(119): note: 'strcpy' の宣言を確認してください
c:\users\leiqunni\documents\visual studio 2015\projects\neko98\neko98\nekocfg\nekocfg.cpp(170): warning C4996: 'strcpy': This function or variable may be unsafe. Consider using strcpy_s instead. To disable deprecation, use _CRT_SECURE_NO_WARNINGS. See online help for details.
  c:\program files (x86)\windows kits\10\include\10.0.10240.0\ucrt\string.h(119): note: 'strcpy' の宣言を確認してください
c:\users\leiqunni\documents\visual studio 2015\projects\neko98\neko98\nekocfg\nekocfg.cpp(171): warning C4996: 'strcpy': This function or variable may be unsafe. Consider using strcpy_s instead. To disable deprecation, use _CRT_SECURE_NO_WARNINGS. See online help for details.
  c:\program files (x86)\windows kits\10\include\10.0.10240.0\ucrt\string.h(119): note: 'strcpy' の宣言を確認してください
c:\users\leiqunni\documents\visual studio 2015\projects\neko98\neko98\nekocfg\nekocfg.cpp(172): warning C4996: 'strcpy': This function or variable may be unsafe. Consider using strcpy_s instead. To disable deprecation, use _CRT_SECURE_NO_WARNINGS. See online help for details.
  c:\program files (x86)\windows kits\10\include\10.0.10240.0\ucrt\string.h(119): note: 'strcpy' の宣言を確認してください
c:\users\leiqunni\documents\visual studio 2015\projects\neko98\neko98\nekocfg\nekocfg.cpp(173): warning C4996: 'strcpy': This function or variable may be unsafe. Consider using strcpy_s instead. To disable deprecation, use _CRT_SECURE_NO_WARNINGS. See online help for details.
  c:\program files (x86)\windows kits\10\include\10.0.10240.0\ucrt\string.h(119): note: 'strcpy' の宣言を確認してください
c:\users\leiqunni\documents\visual studio 2015\projects\neko98\neko98\nekocfg\nekocfg.cpp(281): warning C4996: 'strcpy': This function or variable may be unsafe. Consider using strcpy_s instead. To disable deprecation, use _CRT_SECURE_NO_WARNINGS. See online help for details.
  c:\program files (x86)\windows kits\10\include\10.0.10240.0\ucrt\string.h(119): note: 'strcpy' の宣言を確認してください
c:\users\leiqunni\documents\visual studio 2015\projects\neko98\neko98\nekocfg\nekocfg.cpp(326): warning C4996: 'strcpy': This function or variable may be unsafe. Consider using strcpy_s instead. To disable deprecation, use _CRT_SECURE_NO_WARNINGS. See online help for details.
  c:\program files (x86)\windows kits\10\include\10.0.10240.0\ucrt\string.h(119): note: 'strcpy' の宣言を確認してください
c:\users\leiqunni\documents\visual studio 2015\projects\neko98\neko98\nekocfg\nekocfg.cpp(393): warning C4996: 'strcpy': This function or variable may be unsafe. Consider using strcpy_s instead. To disable deprecation, use _CRT_SECURE_NO_WARNINGS. See online help for details.
  c:\program files (x86)\windows kits\10\include\10.0.10240.0\ucrt\string.h(119): note: 'strcpy' の宣言を確認してください
c:\users\leiqunni\documents\visual studio 2015\projects\neko98\neko98\nekocfg\nekocfg.cpp(431): warning C4996: 'strcpy': This function or variable may be unsafe. Consider using strcpy_s instead. To disable deprecation, use _CRT_SECURE_NO_WARNINGS. See online help for details.
  c:\program files (x86)\windows kits\10\include\10.0.10240.0\ucrt\string.h(119): note: 'strcpy' の宣言を確認してください
c:\users\leiqunni\documents\visual studio 2015\projects\neko98\neko98\nekocfg\nekocfg.cpp(434): warning C4996: 'strcat': This function or variable may be unsafe. Consider using strcat_s instead. To disable deprecation, use _CRT_SECURE_NO_WARNINGS. See online help for details.
  c:\program files (x86)\windows kits\10\include\10.0.10240.0\ucrt\string.h(90): note: 'strcat' の宣言を確認してください
c:\users\leiqunni\documents\visual studio 2015\projects\neko98\neko98\nekocfg\nekocfg.cpp(435): warning C4996: 'strcat': This function or variable may be unsafe. Consider using strcat_s instead. To disable deprecation, use _CRT_SECURE_NO_WARNINGS. See online help for details.
  c:\program files (x86)\windows kits\10\include\10.0.10240.0\ucrt\string.h(90): note: 'strcat' の宣言を確認してください
c:\users\leiqunni\documents\visual studio 2015\projects\neko98\neko98\nekocfg\nekocfg.cpp(490): warning C4996: 'sprintf': This function or variable may be unsafe. Consider using sprintf_s instead. To disable deprecation, use _CRT_SECURE_NO_WARNINGS. See online help for details.
  c:\program files (x86)\windows kits\10\include\10.0.10240.0\ucrt\stdio.h(1769): note: 'sprintf' の宣言を確認してください
c:\users\leiqunni\documents\visual studio 2015\projects\neko98\neko98\nekocfg\nekocfg.cpp(511): warning C4996: 'strcpy': This function or variable may be unsafe. Consider using strcpy_s instead. To disable deprecation, use _CRT_SECURE_NO_WARNINGS. See online help for details.
  c:\program files (x86)\windows kits\10\include\10.0.10240.0\ucrt\string.h(119): note: 'strcpy' の宣言を確認してください
c:\users\leiqunni\documents\visual studio 2015\projects\neko98\neko98\nekocfg\nekocfg.cpp(514): warning C4996: 'strcpy': This function or variable may be unsafe. Consider using strcpy_s instead. To disable deprecation, use _CRT_SECURE_NO_WARNINGS. See online help for details.
  c:\program files (x86)\windows kits\10\include\10.0.10240.0\ucrt\string.h(119): note: 'strcpy' の宣言を確認してください
c:\users\leiqunni\documents\visual studio 2015\projects\neko98\neko98\nekocfg\nekocfg.cpp(518): warning C4996: 'strcpy': This function or variable may be unsafe. Consider using strcpy_s instead. To disable deprecation, use _CRT_SECURE_NO_WARNINGS. See online help for details.
  c:\program files (x86)\windows kits\10\include\10.0.10240.0\ucrt\string.h(119): note: 'strcpy' の宣言を確認してください
c:\users\leiqunni\documents\visual studio 2015\projects\neko98\neko98\nekocfg\nekocfg.cpp(519): warning C4996: 'strcpy': This function or variable may be unsafe. Consider using strcpy_s instead. To disable deprecation, use _CRT_SECURE_NO_WARNINGS. See online help for details.
  c:\program files (x86)\windows kits\10\include\10.0.10240.0\ucrt\string.h(119): note: 'strcpy' の宣言を確認してください
c:\users\leiqunni\documents\visual studio 2015\projects\neko98\neko98\nekocfg\nekocfg.cpp(520): warning C4996: 'strcpy': This function or variable may be unsafe. Consider using strcpy_s instead. To disable deprecation, use _CRT_SECURE_NO_WARNINGS. See online help for details.
  c:\program files (x86)\windows kits\10\include\10.0.10240.0\ucrt\string.h(119): note: 'strcpy' の宣言を確認してください
c:\users\leiqunni\documents\visual studio 2015\projects\neko98\neko98\nekocfg\nekocfg.cpp(521): warning C4996: 'strcpy': This function or variable may be unsafe. Consider using strcpy_s instead. To disable deprecation, use _CRT_SECURE_NO_WARNINGS. See online help for details.
  c:\program files (x86)\windows kits\10\include\10.0.10240.0\ucrt\string.h(119): note: 'strcpy' の宣言を確認してください
c:\users\leiqunni\documents\visual studio 2015\projects\neko98\neko98\nekocfg\nekocfg.cpp(522): warning C4996: 'strcpy': This function or variable may be unsafe. Consider using strcpy_s instead. To disable deprecation, use _CRT_SECURE_NO_WARNINGS. See online help for details.
  c:\program files (x86)\windows kits\10\include\10.0.10240.0\ucrt\string.h(119): note: 'strcpy' の宣言を確認してください
c:\users\leiqunni\documents\visual studio 2015\projects\neko98\neko98\nekocfg\nekocfg.cpp(532): warning C4996: 'strcpy': This function or variable may be unsafe. Consider using strcpy_s instead. To disable deprecation, use _CRT_SECURE_NO_WARNINGS. See online help for details.
  c:\program files (x86)\windows kits\10\include\10.0.10240.0\ucrt\string.h(119): note: 'strcpy' の宣言を確認してください
c:\users\leiqunni\documents\visual studio 2015\projects\neko98\neko98\nekocfg\nekocfg.cpp(535): warning C4996: 'strcat': This function or variable may be unsafe. Consider using strcat_s instead. To disable deprecation, use _CRT_SECURE_NO_WARNINGS. See online help for details.
  c:\program files (x86)\windows kits\10\include\10.0.10240.0\ucrt\string.h(90): note: 'strcat' の宣言を確認してください
c:\users\leiqunni\documents\visual studio 2015\projects\neko98\neko98\nekocfg\nekocfg.cpp(536): warning C4996: 'strcat': This function or variable may be unsafe. Consider using strcat_s instead. To disable deprecation, use _CRT_SECURE_NO_WARNINGS. See online help for details.
  c:\program files (x86)\windows kits\10\include\10.0.10240.0\ucrt\string.h(90): note: 'strcat' の宣言を確認してください
c:\users\leiqunni\documents\visual studio 2015\projects\neko98\neko98\nekocfg\nekocfg.cpp(594): warning C4996: 'sprintf': This function or variable may be unsafe. Consider using sprintf_s instead. To disable deprecation, use _CRT_SECURE_NO_WARNINGS. See online help for details.
  c:\program files (x86)\windows kits\10\include\10.0.10240.0\ucrt\stdio.h(1769): note: 'sprintf' の宣言を確認してください
  NekoSettings.cpp
  コードを生成中...
NekoSettings.obj : warning LNK4075: /EDITANDCONTINUE は /SAFESEH の指定によって無視されます。
  NekoCFG.vcxproj -> C:\Users\leiqunni\Documents\Visual Studio 2015\Projects\Neko98\Neko98\NekoCFG\.\Debug\NekoCFG.exe
  NekoCFG.vcxproj -> .\Debug\NekoCFG.pdb (Full PDB)
