c:\users\inu\documents\visual studio 2013\projects\neko98\neko98\nekocfg\release\vc120.pdb
c:\users\inu\documents\visual studio 2013\projects\neko98\neko98\nekocfg\release\nekocfg_tabs.obj
c:\users\inu\documents\visual studio 2013\projects\neko98\neko98\nekocfg\release\nekocfg.obj
c:\users\inu\documents\visual studio 2013\projects\neko98\neko98\nekocfg\release\nekosettings.obj
c:\users\inu\documents\visual studio 2013\projects\neko98\neko98\nekocfg\release\nekocfg.exe
c:\users\inu\documents\visual studio 2013\projects\neko98\neko98\nekocfg\release\nekocfg.res
c:\users\leiqunni\documents\github\neko98\neko98\nekocfg\release\nekocfg.obj
c:\users\leiqunni\documents\github\neko98\neko98\nekocfg\release\nekocfg_tabs.obj
c:\users\leiqunni\documents\github\neko98\neko98\nekocfg\release\nekosettings.obj
c:\users\leiqunni\documents\github\neko98\neko98\nekocfg\release\nekocfg.res
c:\users\leiqunni\documents\github\neko98\neko98\nekocfg\release\vc120.pdb
c:\users\leiqunni\documents\github\neko98\neko98\nekocfg\.\release\nekocfg.exe
c:\users\leiqunni\documents\github\neko98\neko98\nekocfg\release\nekocfg.tlog\cl.command.1.tlog
c:\users\leiqunni\documents\github\neko98\neko98\nekocfg\release\nekocfg.tlog\cl.read.1.tlog
c:\users\leiqunni\documents\github\neko98\neko98\nekocfg\release\nekocfg.tlog\cl.write.1.tlog
c:\users\leiqunni\documents\github\neko98\neko98\nekocfg\release\nekocfg.tlog\link.command.1.tlog
c:\users\leiqunni\documents\github\neko98\neko98\nekocfg\release\nekocfg.tlog\link.read.1.tlog
c:\users\leiqunni\documents\github\neko98\neko98\nekocfg\release\nekocfg.tlog\link.write.1.tlog
c:\users\leiqunni\documents\github\neko98\neko98\nekocfg\release\nekocfg.tlog\rc.command.1.tlog
c:\users\leiqunni\documents\github\neko98\neko98\nekocfg\release\nekocfg.tlog\rc.read.1.tlog
c:\users\leiqunni\documents\github\neko98\neko98\nekocfg\release\nekocfg.tlog\rc.write.1.tlog
