  NekoSettings.cpp
  NekoCFG.cpp
C:\Users\leiqunni\Documents\GitHub\Neko98\Neko98\NekoCFG\NekoCFG_resource.h(111,1): warning C4005: 'IDC_HELP': マクロが再定義されました。
C:\Program Files (x86)\Windows Kits\10\Include\10.0.18362.0\um\winuser.h(10628): message : 'IDC_HELP' の以前の定義を確認してください
C:\Users\leiqunni\Documents\GitHub\Neko98\Neko98\NekoCFG\NekoCFG.cpp(162,21): warning C4996: 'strcpy': This function or variable may be unsafe. Consider using strcpy_s instead. To disable deprecation, use _CRT_SECURE_NO_WARNINGS. See online help for details.
C:\Users\leiqunni\Documents\GitHub\Neko98\Neko98\NekoCFG\NekoCFG.cpp(165,21): warning C4996: 'strcpy': This function or variable may be unsafe. Consider using strcpy_s instead. To disable deprecation, use _CRT_SECURE_NO_WARNINGS. See online help for details.
C:\Users\leiqunni\Documents\GitHub\Neko98\Neko98\NekoCFG\NekoCFG.cpp(169,21): warning C4996: 'strcpy': This function or variable may be unsafe. Consider using strcpy_s instead. To disable deprecation, use _CRT_SECURE_NO_WARNINGS. See online help for details.
C:\Users\leiqunni\Documents\GitHub\Neko98\Neko98\NekoCFG\NekoCFG.cpp(170,21): warning C4996: 'strcpy': This function or variable may be unsafe. Consider using strcpy_s instead. To disable deprecation, use _CRT_SECURE_NO_WARNINGS. See online help for details.
C:\Users\leiqunni\Documents\GitHub\Neko98\Neko98\NekoCFG\NekoCFG.cpp(171,21): warning C4996: 'strcpy': This function or variable may be unsafe. Consider using strcpy_s instead. To disable deprecation, use _CRT_SECURE_NO_WARNINGS. See online help for details.
C:\Users\leiqunni\Documents\GitHub\Neko98\Neko98\NekoCFG\NekoCFG.cpp(172,18): warning C4996: 'strcpy': This function or variable may be unsafe. Consider using strcpy_s instead. To disable deprecation, use _CRT_SECURE_NO_WARNINGS. See online help for details.
C:\Users\leiqunni\Documents\GitHub\Neko98\Neko98\NekoCFG\NekoCFG.cpp(173,21): warning C4996: 'strcpy': This function or variable may be unsafe. Consider using strcpy_s instead. To disable deprecation, use _CRT_SECURE_NO_WARNINGS. See online help for details.
C:\Users\leiqunni\Documents\GitHub\Neko98\Neko98\NekoCFG\NekoCFG.cpp(84,17): warning C4996: 'sprintf': This function or variable may be unsafe. Consider using sprintf_s instead. To disable deprecation, use _CRT_SECURE_NO_WARNINGS. See online help for details.
C:\Users\leiqunni\Documents\GitHub\Neko98\Neko98\NekoCFG\NekoCFG.cpp(151,48): warning C4996: 'stricmp': The POSIX name for this item is deprecated. Instead, use the ISO C and C++ conformant name: _stricmp. See online help for details.
C:\Users\leiqunni\Documents\GitHub\Neko98\Neko98\NekoCFG\NekoCFG.cpp(281,66): warning C4996: 'strcpy': This function or variable may be unsafe. Consider using strcpy_s instead. To disable deprecation, use _CRT_SECURE_NO_WARNINGS. See online help for details.
C:\Users\leiqunni\Documents\GitHub\Neko98\Neko98\NekoCFG\NekoCFG.cpp(326,29): warning C4996: 'strcpy': This function or variable may be unsafe. Consider using strcpy_s instead. To disable deprecation, use _CRT_SECURE_NO_WARNINGS. See online help for details.
C:\Users\leiqunni\Documents\GitHub\Neko98\Neko98\NekoCFG\NekoCFG.cpp(393,13): warning C4996: 'strcpy': This function or variable may be unsafe. Consider using strcpy_s instead. To disable deprecation, use _CRT_SECURE_NO_WARNINGS. See online help for details.
C:\Users\leiqunni\Documents\GitHub\Neko98\Neko98\NekoCFG\NekoCFG.cpp(431,6): warning C4996: 'strcpy': This function or variable may be unsafe. Consider using strcpy_s instead. To disable deprecation, use _CRT_SECURE_NO_WARNINGS. See online help for details.
C:\Users\leiqunni\Documents\GitHub\Neko98\Neko98\NekoCFG\NekoCFG.cpp(434,7): warning C4996: 'strcat': This function or variable may be unsafe. Consider using strcat_s instead. To disable deprecation, use _CRT_SECURE_NO_WARNINGS. See online help for details.
C:\Users\leiqunni\Documents\GitHub\Neko98\Neko98\NekoCFG\NekoCFG.cpp(435,7): warning C4996: 'strcat': This function or variable may be unsafe. Consider using strcat_s instead. To disable deprecation, use _CRT_SECURE_NO_WARNINGS. See online help for details.
C:\Users\leiqunni\Documents\GitHub\Neko98\Neko98\NekoCFG\NekoCFG.cpp(490,13): warning C4996: 'sprintf': This function or variable may be unsafe. Consider using sprintf_s instead. To disable deprecation, use _CRT_SECURE_NO_WARNINGS. See online help for details.
C:\Users\leiqunni\Documents\GitHub\Neko98\Neko98\NekoCFG\NekoCFG.cpp(511,5): warning C4996: 'strcpy': This function or variable may be unsafe. Consider using strcpy_s instead. To disable deprecation, use _CRT_SECURE_NO_WARNINGS. See online help for details.
C:\Users\leiqunni\Documents\GitHub\Neko98\Neko98\NekoCFG\NekoCFG.cpp(514,5): warning C4996: 'strcpy': This function or variable may be unsafe. Consider using strcpy_s instead. To disable deprecation, use _CRT_SECURE_NO_WARNINGS. See online help for details.
C:\Users\leiqunni\Documents\GitHub\Neko98\Neko98\NekoCFG\NekoCFG.cpp(518,5): warning C4996: 'strcpy': This function or variable may be unsafe. Consider using strcpy_s instead. To disable deprecation, use _CRT_SECURE_NO_WARNINGS. See online help for details.
C:\Users\leiqunni\Documents\GitHub\Neko98\Neko98\NekoCFG\NekoCFG.cpp(519,5): warning C4996: 'strcpy': This function or variable may be unsafe. Consider using strcpy_s instead. To disable deprecation, use _CRT_SECURE_NO_WARNINGS. See online help for details.
C:\Users\leiqunni\Documents\GitHub\Neko98\Neko98\NekoCFG\NekoCFG.cpp(520,5): warning C4996: 'strcpy': This function or variable may be unsafe. Consider using strcpy_s instead. To disable deprecation, use _CRT_SECURE_NO_WARNINGS. See online help for details.
C:\Users\leiqunni\Documents\GitHub\Neko98\Neko98\NekoCFG\NekoCFG.cpp(521,2): warning C4996: 'strcpy': This function or variable may be unsafe. Consider using strcpy_s instead. To disable deprecation, use _CRT_SECURE_NO_WARNINGS. See online help for details.
C:\Users\leiqunni\Documents\GitHub\Neko98\Neko98\NekoCFG\NekoCFG.cpp(522,5): warning C4996: 'strcpy': This function or variable may be unsafe. Consider using strcpy_s instead. To disable deprecation, use _CRT_SECURE_NO_WARNINGS. See online help for details.
C:\Users\leiqunni\Documents\GitHub\Neko98\Neko98\NekoCFG\NekoCFG.cpp(532,2): warning C4996: 'strcpy': This function or variable may be unsafe. Consider using strcpy_s instead. To disable deprecation, use _CRT_SECURE_NO_WARNINGS. See online help for details.
C:\Users\leiqunni\Documents\GitHub\Neko98\Neko98\NekoCFG\NekoCFG.cpp(535,3): warning C4996: 'strcat': This function or variable may be unsafe. Consider using strcat_s instead. To disable deprecation, use _CRT_SECURE_NO_WARNINGS. See online help for details.
C:\Users\leiqunni\Documents\GitHub\Neko98\Neko98\NekoCFG\NekoCFG.cpp(536,3): warning C4996: 'strcat': This function or variable may be unsafe. Consider using strcat_s instead. To disable deprecation, use _CRT_SECURE_NO_WARNINGS. See online help for details.
C:\Users\leiqunni\Documents\GitHub\Neko98\Neko98\NekoCFG\NekoCFG.cpp(594,13): warning C4996: 'sprintf': This function or variable may be unsafe. Consider using sprintf_s instead. To disable deprecation, use _CRT_SECURE_NO_WARNINGS. See online help for details.
  NekoCFG_Tabs.cpp
C:\Users\leiqunni\Documents\GitHub\Neko98\Neko98\NekoCFG\NekoCFG_resource.h(111,1): warning C4005: 'IDC_HELP': マクロが再定義されました。
C:\Program Files (x86)\Windows Kits\10\Include\10.0.18362.0\um\winuser.h(10628): message : 'IDC_HELP' の以前の定義を確認してください
C:\Users\leiqunni\Documents\GitHub\Neko98\Neko98\NekoCFG\NekoCFG_Tabs.cpp(175,13): warning C4996: 'sprintf': This function or variable may be unsafe. Consider using sprintf_s instead. To disable deprecation, use _CRT_SECURE_NO_WARNINGS. See online help for details.
C:\Users\leiqunni\Documents\GitHub\Neko98\Neko98\NekoCFG\NekoCFG_Tabs.cpp(371,54): warning C4302: '型キャスト': 'LPSTR' から 'WORD' へ切り詰めます。
C:\Users\leiqunni\Documents\GitHub\Neko98\Neko98\NekoCFG\NekoCFG_Tabs.cpp(380,21): warning C4996: 'strcpy': This function or variable may be unsafe. Consider using strcpy_s instead. To disable deprecation, use _CRT_SECURE_NO_WARNINGS. See online help for details.
C:\Users\leiqunni\Documents\GitHub\Neko98\Neko98\NekoCFG\NekoCFG_Tabs.cpp(396,21): warning C4996: 'strcat': This function or variable may be unsafe. Consider using strcat_s instead. To disable deprecation, use _CRT_SECURE_NO_WARNINGS. See online help for details.
C:\Users\leiqunni\Documents\GitHub\Neko98\Neko98\NekoCFG\NekoCFG_Tabs.cpp(397,21): warning C4996: 'strcat': This function or variable may be unsafe. Consider using strcat_s instead. To disable deprecation, use _CRT_SECURE_NO_WARNINGS. See online help for details.
C:\Users\leiqunni\Documents\GitHub\Neko98\Neko98\NekoCFG\NekoCFG_Tabs.cpp(399,21): warning C4996: 'strcpy': This function or variable may be unsafe. Consider using strcpy_s instead. To disable deprecation, use _CRT_SECURE_NO_WARNINGS. See online help for details.
C:\Users\leiqunni\Documents\GitHub\Neko98\Neko98\NekoCFG\NekoCFG_Tabs.cpp(420,25): warning C4996: 'strcpy': This function or variable may be unsafe. Consider using strcpy_s instead. To disable deprecation, use _CRT_SECURE_NO_WARNINGS. See online help for details.
  コードを生成中...
  NekoCFG.vcxproj -> C:\Users\leiqunni\Documents\GitHub\Neko98\Neko98\Release\NekoCFG.exe
