c:\users\inu\documents\visual studio 2013\projects\neko98\neko98\debug\vc120.pdb
c:\users\inu\documents\visual studio 2013\projects\neko98\neko98\debug\vc120.idb
c:\users\inu\documents\visual studio 2013\projects\neko98\neko98\debug\alwaysontoppet.obj
c:\users\inu\documents\visual studio 2013\projects\neko98\neko98\debug\desktophack.obj
c:\users\inu\documents\visual studio 2013\projects\neko98\neko98\debug\desktoppet.obj
c:\users\inu\documents\visual studio 2013\projects\neko98\neko98\debug\neko.obj
c:\users\inu\documents\visual studio 2013\projects\neko98\neko98\debug\neko98.obj
c:\users\inu\documents\visual studio 2013\projects\neko98\neko98\debug\nekosettings.obj
c:\users\inu\documents\visual studio 2013\projects\neko98\neko98\debug\pet.obj
c:\users\inu\documents\visual studio 2013\projects\neko98\neko98\debug\tray.obj
c:\users\leiqunni\documents\visual studio 2015\projects\neko98\neko98\debug\vc140.pdb
c:\users\inu\documents\visual studio 2013\projects\neko98\neko98\debug\neko98.ilk
c:\users\inu\documents\visual studio 2013\projects\neko98\neko98\debug\neko98.exe
c:\users\inu\documents\visual studio 2013\projects\neko98\neko98\debug\neko98.pdb
c:\users\inu\documents\visual studio 2013\projects\neko98\neko98\debug\neko95.res
c:\users\leiqunni\documents\visual studio 2015\projects\neko98\neko98\debug\alwaysontoppet.obj
c:\users\leiqunni\documents\visual studio 2015\projects\neko98\neko98\debug\desktophack.obj
c:\users\leiqunni\documents\visual studio 2015\projects\neko98\neko98\debug\desktoppet.obj
c:\users\leiqunni\documents\visual studio 2015\projects\neko98\neko98\debug\neko.obj
c:\users\leiqunni\documents\visual studio 2015\projects\neko98\neko98\debug\neko98.obj
c:\users\leiqunni\documents\visual studio 2015\projects\neko98\neko98\debug\nekosettings.obj
c:\users\leiqunni\documents\visual studio 2015\projects\neko98\neko98\debug\pet.obj
c:\users\leiqunni\documents\visual studio 2015\projects\neko98\neko98\debug\tray.obj
c:\users\leiqunni\documents\visual studio 2015\projects\neko98\neko98\debug\neko98.ilk
c:\users\leiqunni\documents\visual studio 2015\projects\neko98\neko98\debug\neko95.res
c:\users\leiqunni\documents\visual studio 2015\projects\neko98\neko98\debug\vc120.idb
c:\users\leiqunni\documents\visual studio 2015\projects\neko98\neko98\debug\neko98.pdb
c:\users\leiqunni\documents\visual studio 2015\projects\neko98\neko98\debug\vc120.pdb
c:\users\leiqunni\documents\visual studio 2015\projects\neko98\neko98\.\debug\neko98.exe
c:\users\leiqunni\documents\visual studio 2015\projects\neko98\neko98\debug\neko98.tlog\cl.command.1.tlog
c:\users\leiqunni\documents\visual studio 2015\projects\neko98\neko98\debug\neko98.tlog\cl.read.1.tlog
c:\users\leiqunni\documents\visual studio 2015\projects\neko98\neko98\debug\neko98.tlog\cl.write.1.tlog
c:\users\leiqunni\documents\visual studio 2015\projects\neko98\neko98\debug\neko98.tlog\link.command.1.tlog
c:\users\leiqunni\documents\visual studio 2015\projects\neko98\neko98\debug\neko98.tlog\link.read.1.tlog
c:\users\leiqunni\documents\visual studio 2015\projects\neko98\neko98\debug\neko98.tlog\link.write.1.tlog
c:\users\leiqunni\documents\visual studio 2015\projects\neko98\neko98\debug\neko98.tlog\rc.command.1.tlog
c:\users\leiqunni\documents\visual studio 2015\projects\neko98\neko98\debug\neko98.tlog\rc.read.1.tlog
c:\users\leiqunni\documents\visual studio 2015\projects\neko98\neko98\debug\neko98.tlog\rc.write.1.tlog
