c:\users\leiqunni\documents\github\neko98\neko98\release\vc142.pdb
c:\users\leiqunni\documents\github\neko98\neko98\release\tray.obj
c:\users\leiqunni\documents\github\neko98\neko98\release\pet.obj
c:\users\leiqunni\documents\github\neko98\neko98\release\nekosettings.obj
c:\users\leiqunni\documents\github\neko98\neko98\release\neko98.obj
c:\users\leiqunni\documents\github\neko98\neko98\release\neko.obj
c:\users\leiqunni\documents\github\neko98\neko98\release\desktoppet.obj
c:\users\leiqunni\documents\github\neko98\neko98\release\desktophack.obj
c:\users\leiqunni\documents\github\neko98\neko98\release\alwaysontoppet.obj
c:\users\leiqunni\documents\github\neko98\neko98\release\neko98.exe
c:\users\leiqunni\documents\github\neko98\neko98\release\neko98.pdb
c:\users\leiqunni\documents\github\neko98\neko98\release\neko95.res
c:\users\leiqunni\documents\github\neko98\neko98\release\nekocfg.pdb
c:\users\leiqunni\documents\github\neko98\neko98\release\neko98.tlog\cl.command.1.tlog
c:\users\leiqunni\documents\github\neko98\neko98\release\neko98.tlog\cl.read.1.tlog
c:\users\leiqunni\documents\github\neko98\neko98\release\neko98.tlog\cl.write.1.tlog
c:\users\leiqunni\documents\github\neko98\neko98\release\neko98.tlog\link.command.1.tlog
c:\users\leiqunni\documents\github\neko98\neko98\release\neko98.tlog\link.read.1.tlog
c:\users\leiqunni\documents\github\neko98\neko98\release\neko98.tlog\link.write.1.tlog
c:\users\leiqunni\documents\github\neko98\neko98\release\neko98.tlog\rc.command.1.tlog
c:\users\leiqunni\documents\github\neko98\neko98\release\neko98.tlog\rc.read.1.tlog
c:\users\leiqunni\documents\github\neko98\neko98\release\neko98.tlog\rc.write.1.tlog
